[2026-02-27T18:03:30.983Z] PAGE PARAMS: {"q":"tool","page":"1"}
[2026-02-27T18:03:31.278Z] ACTION: Search: "tool", Status: "ALL", Category: "ALL", Where: {"OR":[{"name":{"contains":"tool","mode":"insensitive"}},{"slug":{"contains":"tool","mode":"insensitive"}},{"description":{"contains":"tool","mode":"insensitive"}}]}
[2026-02-27T18:04:34.181Z] PAGE PARAMS: {"q":"tool","page":"1"}
[2026-02-27T18:04:34.536Z] ACTION: Search: "tool", Status: "ALL", Category: "ALL", Where: {"OR":[{"name":{"contains":"tool","mode":"insensitive"}},{"slug":{"contains":"tool","mode":"insensitive"}},{"description":{"contains":"tool","mode":"insensitive"}}]}
[2026-02-27T18:04:34.656Z] DB CALL STARTING...
[2026-02-27T18:04:36.809Z] RESULTS: Found 20 items (Total: 23)
[2026-02-27T18:05:07.265Z] PAGE PARAMS: {"q":"tool","page":"1"}
[2026-02-27T18:05:07.285Z] ACTION: Search: "tool", Status: "ALL", Category: "ALL", Where: {"OR":[{"name":{"contains":"tool","mode":"insensitive"}},{"slug":{"contains":"tool","mode":"insensitive"}},{"description":{"contains":"tool","mode":"insensitive"}}]}
[2026-02-27T18:05:07.307Z] DB CALL STARTING...
[2026-02-27T18:05:08.480Z] RESULTS: Found 20 items (Total: 23)
[2026-02-27T18:05:08.504Z] PAGE RECEIVED 20 resources. First 5: Nora, PaperKnife, Anori, SysctlGUI, Samurai
[2026-02-27T18:05:14.641Z] PAGE PARAMS: {"q":"tool","page":"1"}
[2026-02-27T18:05:14.780Z] ACTION: Search: "tool", Status: "ALL", Category: "ALL", Where: {"OR":[{"name":{"contains":"tool","mode":"insensitive"}},{"slug":{"contains":"tool","mode":"insensitive"}},{"description":{"contains":"tool","mode":"insensitive"}}]}
[2026-02-27T18:05:15.602Z] TOTAL DB RESOURCES: 28
[2026-02-27T18:05:16.259Z] DB CALL STARTING WITH WHERE: {"OR":[{"name":{"contains":"tool","mode":"insensitive"}},{"slug":{"contains":"tool","mode":"insensitive"}},{"description":{"contains":"tool","mode":"insensitive"}}]}
[2026-02-27T18:05:17.293Z] RESULTS: Found 20 items (Total: 23)
[2026-02-27T18:05:17.310Z] PAGE RECEIVED 20 resources. First 5: Nora, PaperKnife, Anori, SysctlGUI, Samurai
[2026-02-27T18:05:30.099Z] PAGE PARAMS: {}
[2026-02-27T18:05:30.161Z] ACTION: Search: "", Status: "ALL", Category: "ALL", Where: {}
[2026-02-27T18:05:30.844Z] TOTAL DB RESOURCES: 28
[2026-02-27T18:05:30.953Z] DB CALL STARTING WITH WHERE: {}
[2026-02-27T18:05:32.258Z] RESULTS: Found 20 items (Total: 28)
[2026-02-27T18:05:32.491Z] PAGE RECEIVED 20 resources. First 5: Nora, PaperKnife, Anori, SysctlGUI, Samurai
[2026-02-27T18:05:42.157Z] PAGE PARAMS: {"q":"tool","page":"1"}
[2026-02-27T18:05:42.259Z] ACTION: Search: "tool", Status: "ALL", Category: "ALL", Where: {"OR":[{"name":{"contains":"tool","mode":"insensitive"}},{"slug":{"contains":"tool","mode":"insensitive"}},{"description":{"contains":"tool","mode":"insensitive"}}]}
[2026-02-27T18:05:42.609Z] TOTAL DB RESOURCES: 28
[2026-02-27T18:05:42.692Z] DB CALL STARTING WITH WHERE: {"OR":[{"name":{"contains":"tool","mode":"insensitive"}},{"slug":{"contains":"tool","mode":"insensitive"}},{"description":{"contains":"tool","mode":"insensitive"}}]}
[2026-02-27T18:05:43.489Z] RESULTS: Found 20 items (Total: 23)
[2026-02-27T18:05:43.627Z] PAGE RECEIVED 20 resources. First 5: Nora, PaperKnife, Anori, SysctlGUI, Samurai
